[themesbrand.com/velzon/html/index.html]
[backblue.gif]
[fade.gif]
[index.html]
[themesbrand.com/icons/blank.gif]
[themesbrand.com/velzon/html/index.html]
[themesbrand.com/velzon/html/indexf8a0.html]
[themesbrand.com/velzon/html/indexc052.html]
[themesbrand.com/velzon/html/indexc052.html]
[themesbrand.com/velzon/html/indexf8a0.html]
[themesbrand.com/velzon/html/indexbfec.html]
[themesbrand.com/velzon/html/indexbfec.html]
[themesbrand.com/velzon/html/index30b5.html]
[themesbrand.com/velzon/html/index30b5.html]
[themesbrand.com/velzon/html/indexb70a.html]
[themesbrand.com/velzon/html/index5851.html]
[themesbrand.com/velzon/html/indexb70a.html]
[themesbrand.com/velzon/html/indexad3f.html]
[themesbrand.com/velzon/html/index72c9.html]
[themesbrand.com/velzon/html/index72c9.html]
[themesbrand.com/velzon/html/index5851.html]
[themesbrand.com/velzon/html/indexad3f.html]
